C:\Users\bucha\Desktop\שובל\Develop\Full Stuck\Front End\TypeScript course\Projects\Project Clothing_Store -Typescript opp\project opp typescript\app.js
C:\Users\bucha\Desktop\שובל\Develop\Full Stuck\Front End\TypeScript course\Projects\Project Clothing_Store -Typescript opp\project opp typescript\app.js.map
C:\Users\bucha\Desktop\שובל\Develop\Full Stuck\Front End\TypeScript course\Projects\Project Clothing_Store -Typescript opp\project opp typescript\class\Shirts.js
C:\Users\bucha\Desktop\שובל\Develop\Full Stuck\Front End\TypeScript course\Projects\Project Clothing_Store -Typescript opp\project opp typescript\class\Shirts.js.map
C:\Users\bucha\Desktop\שובל\Develop\Full Stuck\Front End\TypeScript course\Projects\Project Clothing_Store -Typescript opp\project opp typescript\class\Pants.js
C:\Users\bucha\Desktop\שובל\Develop\Full Stuck\Front End\TypeScript course\Projects\Project Clothing_Store -Typescript opp\project opp typescript\class\Pants.js.map
C:\Users\bucha\Desktop\שובל\Develop\Full Stuck\Front End\TypeScript course\Projects\Project Clothing_Store -Typescript opp\project opp typescript\class\Shoes.js
C:\Users\bucha\Desktop\שובל\Develop\Full Stuck\Front End\TypeScript course\Projects\Project Clothing_Store -Typescript opp\project opp typescript\class\Shoes.js.map
C:\Users\bucha\Desktop\שובל\Develop\Full Stuck\Front End\TypeScript course\Projects\Project Clothing_Store -Typescript opp\project opp typescript\class\Dresses.js
C:\Users\bucha\Desktop\שובל\Develop\Full Stuck\Front End\TypeScript course\Projects\Project Clothing_Store -Typescript opp\project opp typescript\class\Dresses.js.map
C:\Users\bucha\Desktop\שובל\Develop\Full Stuck\Front End\TypeScript course\Projects\Project Clothing_Store -Typescript opp\project opp typescript\class\Glasses.js
C:\Users\bucha\Desktop\שובל\Develop\Full Stuck\Front End\TypeScript course\Projects\Project Clothing_Store -Typescript opp\project opp typescript\class\Glasses.js.map
C:\Users\bucha\Desktop\שובל\Develop\Full Stuck\Front End\TypeScript course\Projects\Project Clothing_Store -Typescript opp\project opp typescript\class\Item.js
C:\Users\bucha\Desktop\שובל\Develop\Full Stuck\Front End\TypeScript course\Projects\Project Clothing_Store -Typescript opp\project opp typescript\class\Item.js.map
C:\Users\bucha\Desktop\שובל\Develop\Full Stuck\Front End\TypeScript course\Projects\Project Clothing_Store -Typescript opp\project opp typescript\class\Jacket.js
C:\Users\bucha\Desktop\שובל\Develop\Full Stuck\Front End\TypeScript course\Projects\Project Clothing_Store -Typescript opp\project opp typescript\class\Jacket.js.map
C:\Users\bucha\Desktop\שובל\Develop\Full Stuck\Front End\TypeScript course\Projects\Project Clothing_Store -Typescript opp\project opp typescript\class\Dimensions.js
C:\Users\bucha\Desktop\שובל\Develop\Full Stuck\Front End\TypeScript course\Projects\Project Clothing_Store -Typescript opp\project opp typescript\class\Dimensions.js.map
C:\Users\bucha\Desktop\שובל\Develop\Full Stuck\Front End\TypeScript course\Projects\Project Clothing_Store -Typescript opp\project opp typescript\class\Belt.js
C:\Users\bucha\Desktop\שובל\Develop\Full Stuck\Front End\TypeScript course\Projects\Project Clothing_Store -Typescript opp\project opp typescript\class\Belt.js.map
C:\Users\bucha\Desktop\שובל\Develop\Full Stuck\Front End\TypeScript course\Projects\Project Clothing_Store -Typescript opp\project opp typescript\class\Hat.js
C:\Users\bucha\Desktop\שובל\Develop\Full Stuck\Front End\TypeScript course\Projects\Project Clothing_Store -Typescript opp\project opp typescript\class\Hat.js.map
C:\Users\bucha\Desktop\שובל\Develop\Full Stuck\Front End\TypeScript course\Projects\Project Clothing_Store -Typescript opp\project opp typescript\tester.js
C:\Users\bucha\Desktop\שובל\Develop\Full Stuck\Front End\TypeScript course\Projects\Project Clothing_Store -Typescript opp\project opp typescript\tester.js.map
C:\Users\bucha\Desktop\שובל\Develop\Full Stuck\Front End\TypeScript course\Projects\Project Clothing_Store -Typescript opp\project opp typescript\generator.js
C:\Users\bucha\Desktop\שובל\Develop\Full Stuck\Front End\TypeScript course\Projects\Project Clothing_Store -Typescript opp\project opp typescript\generator.js.map
